<?xml version="1.0" encoding="UTF-8"?>
<robot generator="Robot 7.4.2 (Python 3.14.5 on win32)" generated="2026-06-01T03:31:43.858031" rpa="false" schemaversion="5">
<suite id="s1" name="Login Home" source="C:\Users\luis felipe\Downloads\testes-robot\login_home.robot">
<kw name="Open Browser" owner="SeleniumLibrary" type="SETUP">
<msg time="2026-06-01T03:31:45.014801" level="INFO">Opening browser 'chrome' to base url 'http://localhost:5173/login'.</msg>
<arg>http://localhost:5173/login</arg>
<arg>chrome</arg>
<doc>Opens a new browser instance to the optional ``url``.</doc>
<status status="PASS" start="2026-06-01T03:31:45.012994" elapsed="3.278782"/>
</kw>
<test id="s1-t1" name="CT01 - Pagina de login deve carregar com todos os elementos" line="14">
<kw name="Maximize Browser Window" owner="SeleniumLibrary">
<doc>Maximizes current browser window.</doc>
<status status="PASS" start="2026-06-01T03:31:48.328712" elapsed="0.793977"/>
</kw>
<kw name="Wait Until Element Is Visible" owner="SeleniumLibrary">
<arg>${TITULO}</arg>
<arg>timeout=5s</arg>
<doc>Waits until the element ``locator`` is visible.</doc>
<status status="PASS" start="2026-06-01T03:31:49.125852" elapsed="0.238972"/>
</kw>
<kw name="Element Should Be Visible" owner="SeleniumLibrary">
<msg time="2026-06-01T03:31:49.417963" level="INFO">Element 'xpath=//h1[contains(text(),'Daily Check-in')]' is displayed.</msg>
<arg>${TITULO}</arg>
<doc>Verifies that the element identified by ``locator`` is visible.</doc>
<status status="PASS" start="2026-06-01T03:31:49.366004" elapsed="0.052304"/>
</kw>
<kw name="Element Should Be Visible" owner="SeleniumLibrary">
<msg time="2026-06-01T03:31:49.472543" level="INFO">Element 'css=input[type='email']' is displayed.</msg>
<arg>${INPUT_EMAIL}</arg>
<doc>Verifies that the element identified by ``locator`` is visible.</doc>
<status status="PASS" start="2026-06-01T03:31:49.420660" elapsed="0.052501"/>
</kw>
<kw name="Element Should Be Visible" owner="SeleniumLibrary">
<msg time="2026-06-01T03:31:49.524799" level="INFO">Element 'css=input[type='password']' is displayed.</msg>
<arg>${INPUT_SENHA}</arg>
<doc>Verifies that the element identified by ``locator`` is visible.</doc>
<status status="PASS" start="2026-06-01T03:31:49.476710" elapsed="0.048309"/>
</kw>
<kw name="Element Should Be Visible" owner="SeleniumLibrary">
<msg time="2026-06-01T03:31:49.566374" level="INFO">Element 'css=button[type='submit']' is displayed.</msg>
<arg>${BTN_ENTRAR}</arg>
<doc>Verifies that the element identified by ``locator`` is visible.</doc>
<status status="PASS" start="2026-06-01T03:31:49.525746" elapsed="0.041111"/>
</kw>
<kw name="Element Should Be Enabled" owner="SeleniumLibrary">
<arg>${BTN_ENTRAR}</arg>
<doc>Verifies that element identified by ``locator`` is enabled.</doc>
<status status="PASS" start="2026-06-01T03:31:49.567768" elapsed="0.046635"/>
</kw>
<status status="PASS" start="2026-06-01T03:31:48.292701" elapsed="1.322302"/>
</test>
<kw name="Close Browser" owner="SeleniumLibrary" type="TEARDOWN">
<doc>Closes the current browser.</doc>
<status status="PASS" start="2026-06-01T03:31:49.617217" elapsed="2.608463"/>
</kw>
<status status="PASS" start="2026-06-01T03:31:43.863375" elapsed="8.362935"/>
</suite>
<statistics>
<total>
<stat pass="1" fail="0" skip="0">All Tests</stat>
</total>
<tag>
</tag>
<suite>
<stat name="Login Home" id="s1" pass="1" fail="0" skip="0">Login Home</stat>
</suite>
</statistics>
<errors>
</errors>
</robot>
